# JRE version: Java(TM) SE Runtime Environment (17.0.5+9) (build 17.0.5+9-LTS-191)
# Java VM: Java HotSpot(TM) 64-Bit Server VM (17.0.5+9-LTS-191, mixed mode, emulated-client, sharing, tiered, compressed oops, compressed class ptrs, g1 gc, windows-amd64)
GC Precious Log:
 CPUs: 8 total, 8 available
 Memory: 7915M
 Large Page Support: Disabled
 NUMA Support: Disabled
 Compressed Oops: Enabled (32-bit)
 Heap Region Size: 1M
 Heap Min Capacity: 8M
 Heap Initial Capacity: 124M
 Heap Max Capacity: 1980M
 Pre-touch: Disabled
 Parallel Workers: 8
 Concurrent Workers: 2
 Concurrent Refinement Workers: 8
 Periodic GC: Disabled
Heap:
 garbage-first heap   total 61440K, used 26080K [0x0000000084400000, 0x0000000100000000)
  region size 1024K, 3 young (3072K), 3 survivors (3072K)
 Metaspace       used 56847K, committed 57408K, reserved 1105920K
  class space    used 8177K, committed 8448K, reserved 1048576K
GC Heap History (20 events):
Event: 8.053 GC heap after
{Heap after GC invocations=6 (full 0):
 garbage-first heap   total 51200K, used 15761K [0x0000000084400000, 0x0000000100000000)
  region size 1024K, 4 young (4096K), 4 survivors (4096K)
 Metaspace       used 24606K, committed 25024K, reserved 1073152K
  class space    used 3439K, committed 3648K, reserved 1048576K
}
Event: 8.084 GC heap before
{Heap before GC invocations=6 (full 0):
 garbage-first heap   total 51200K, used 16785K [0x0000000084400000, 0x0000000100000000)
  region size 1024K, 5 young (5120K), 4 survivors (4096K)
 Metaspace       used 24649K, committed 25088K, reserved 1073152K
  class space    used 3446K, committed 3648K, reserved 1048576K
}
Event: 8.094 GC heap after
{Heap after GC invocations=7 (full 0):
 garbage-first heap   total 61440K, used 16114K [0x0000000084400000, 0x0000000100000000)
  region size 1024K, 1 young (1024K), 1 survivors (1024K)
 Metaspace       used 24649K, committed 25088K, reserved 1073152K
  class space    used 3446K, committed 3648K, reserved 1048576K
}
Event: 9.080 GC heap before
{Heap before GC invocations=7 (full 0):
 garbage-first heap   total 61440K, used 43762K [0x0000000084400000, 0x0000000100000000)
  region size 1024K, 29 young (29696K), 1 survivors (1024K)
 Metaspace       used 31409K, committed 31808K, reserved 1081344K
  class space    used 4215K, committed 4416K, reserved 1048576K
}
Event: 9.092 GC heap after
{Heap after GC invocations=8 (full 0):
 garbage-first heap   total 61440K, used 17807K [0x0000000084400000, 0x0000000100000000)
  region size 1024K, 3 young (3072K), 3 survivors (3072K)
 Metaspace       used 31409K, committed 31808K, reserved 1081344K
  class space    used 4215K, committed 4416K, reserved 1048576K
}
Event: 9.887 GC heap before
{Heap before GC invocations=8 (full 0):
 garbage-first heap   total 61440K, used 39311K [0x0000000084400000, 0x0000000100000000)
  region size 1024K, 25 young (25600K), 3 survivors (3072K)
 Metaspace       used 35593K, committed 35968K, reserved 1081344K
  class space    used 4857K, committed 5056K, reserved 1048576K
}
Event: 9.892 GC heap after
{Heap after GC invocations=9 (full 0):
 garbage-first heap   total 61440K, used 18988K [0x0000000084400000, 0x0000000100000000)
  region size 1024K, 2 young (2048K), 2 survivors (2048K)
 Metaspace       used 35593K, committed 35968K, reserved 1081344K
  class space    used 4857K, committed 5056K, reserved 1048576K
}
Event: 11.025 GC heap before
{Heap before GC invocations=10 (full 0):
 garbage-first heap   total 61440K, used 44588K [0x0000000084400000, 0x0000000100000000)
  region size 1024K, 28 young (28672K), 2 survivors (2048K)
 Metaspace       used 41190K, committed 41600K, reserved 1089536K
  class space    used 5707K, committed 5888K, reserved 1048576K
}
Event: 11.030 GC heap after
{Heap after GC invocations=11 (full 0):
 garbage-first heap   total 61440K, used 20201K [0x0000000084400000, 0x0000000100000000)
  region size 1024K, 3 young (3072K), 3 survivors (3072K)
 Metaspace       used 41190K, committed 41600K, reserved 1089536K
  class space    used 5707K, committed 5888K, reserved 1048576K
}
Event: 11.081 GC heap before
{Heap before GC invocations=11 (full 0):
 garbage-first heap   total 61440K, used 21225K [0x0000000084400000, 0x0000000100000000)
  region size 1024K, 4 young (4096K), 3 survivors (3072K)
 Metaspace       used 41530K, committed 41984K, reserved 1089536K
  class space    used 5731K, committed 5952K, reserved 1048576K
}
Event: 11.086 GC heap after
{Heap after GC invocations=12 (full 0):
 garbage-first heap   total 61440K, used 20243K [0x0000000084400000, 0x0000000100000000)
  region size 1024K, 1 young (1024K), 1 survivors (1024K)
 Metaspace       used 41530K, committed 41984K, reserved 1089536K
  class space    used 5731K, committed 5952K, reserved 1048576K
}
Event: 12.335 GC heap before
{Heap before GC invocations=12 (full 0):
 garbage-first heap   total 61440K, used 46867K [0x0000000084400000, 0x0000000100000000)
  region size 1024K, 27 young (27648K), 1 survivors (1024K)
 Metaspace       used 47616K, committed 48192K, reserved 1097728K
  class space    used 6764K, committed 7040K, reserved 1048576K
}
Event: 12.340 GC heap after
{Heap after GC invocations=13 (full 0):
 garbage-first heap   total 61440K, used 20931K [0x0000000084400000, 0x0000000100000000)
  region size 1024K, 1 young (1024K), 1 survivors (1024K)
 Metaspace       used 47616K, committed 48192K, reserved 1097728K
  class space    used 6764K, committed 7040K, reserved 1048576K
}
Event: 13.499 GC heap before
{Heap before GC invocations=13 (full 0):
 garbage-first heap   total 61440K, used 48579K [0x0000000084400000, 0x0000000100000000)
  region size 1024K, 28 young (28672K), 1 survivors (1024K)
 Metaspace       used 51394K, committed 51904K, reserved 1097728K
  class space    used 7277K, committed 7552K, reserved 1048576K
}
Event: 13.504 GC heap after
{Heap after GC invocations=14 (full 0):
 garbage-first heap   total 61440K, used 22649K [0x0000000084400000, 0x0000000100000000)
  region size 1024K, 3 young (3072K), 3 survivors (3072K)
 Metaspace       used 51394K, committed 51904K, reserved 1097728K
  class space    used 7277K, committed 7552K, reserved 1048576K
}
Event: 14.087 GC heap before
{Heap before GC invocations=14 (full 0):
 garbage-first heap   total 61440K, used 48249K [0x0000000084400000, 0x0000000100000000)
  region size 1024K, 28 young (28672K), 3 survivors (3072K)
 Metaspace       used 53002K, committed 53504K, reserved 1097728K
  class space    used 7514K, committed 7808K, reserved 1048576K
}
Event: 14.092 GC heap after
{Heap after GC invocations=15 (full 0):
 garbage-first heap   total 61440K, used 23863K [0x0000000084400000, 0x0000000100000000)
  region size 1024K, 3 young (3072K), 3 survivors (3072K)
 Metaspace       used 53002K, committed 53504K, reserved 1097728K
  class space    used 7514K, committed 7808K, reserved 1048576K
}
Event: 14.905 GC heap before
{Heap before GC invocations=15 (full 0):
 garbage-first heap   total 61440K, used 47415K [0x0000000084400000, 0x0000000100000000)
  region size 1024K, 27 young (27648K), 3 survivors (3072K)
 Metaspace       used 56633K, committed 57152K, reserved 1105920K
  class space    used 8152K, committed 8384K, reserved 1048576K
}
Event: 14.914 GC heap after
{Heap after GC invocations=16 (full 0):
 garbage-first heap   total 61440K, used 25443K [0x0000000084400000, 0x0000000100000000)
  region size 1024K, 3 young (3072K), 3 survivors (3072K)
 Metaspace       used 56633K, committed 57152K, reserved 1105920K
  class space    used 8152K, committed 8384K, reserved 1048576K
}
Event: 15.174 GC heap before
{Heap before GC invocations=16 (full 0):
 garbage-first heap   total 61440K, used 50019K [0x0000000084400000, 0x0000000100000000)
  region size 1024K, 27 young (27648K), 3 survivors (3072K)
 Metaspace       used 56847K, committed 57408K, reserved 1105920K
  class space    used 8177K, committed 8448K, reserved 1048576K
}

